<?xml version="1.0" encoding="UTF-8" ?>
<testsuite errors="0" failures="0" hostname="dosi-Latitude-5520" name="fr.isen.tetris.TestShape" skipped="0" tests="1" time="0.06" timestamp="2024-10-13T16:26:46">
  <properties>
    <property name="sun.boot.library.path.ivy.instance" value="/home/dosi/.p2/pool/plugins/org.eclipse.justj.openjdk.hotspot.jre.full.linux.x86_64_23.0.0.v20240919-1706/jre/lib" />
    <property name="java.specification.version" value="23" />
    <property name="java.specification.version.ivy.instance" value="23" />
    <property name="sun.cpu.endian.ivy.instance" value="little" />
    <property name="sun.arch.data.model" value="64" />
    <property name="ivy.home" value="/home/dosi/.ivy2" />
    <property name="java.vendor.url" value="https://adoptium.net/" />
    <property name="java.version.ivy.instance" value="23" />
    <property name="ivy.default.conf.dir.ivy.instance" value="jar:file:/home/dosi/Downloads/apache-ivy-2.5.2-bin-with-deps/apache-ivy-2.5.2/ivy-2.5.2.jar!/org/apache/ivy/core/settings" />
    <property name="ivy.conf.dir" value="jar:file:/home/dosi/Downloads/apache-ivy-2.5.2-bin-with-deps/apache-ivy-2.5.2/ivy-2.5.2.jar!/org/apache/ivy/core/settings" />
    <property name="sun.boot.library.path" value="/home/dosi/.p2/pool/plugins/org.eclipse.justj.openjdk.hotspot.jre.full.linux.x86_64_23.0.0.v20240919-1706/jre/lib" />
    <property name="os.version.ivy.instance" value="6.8.0-45-generic" />
    <property name="sun.java.command" value="org.apache.tools.ant.taskdefs.optional.junit.JUnitTestRunner fr.isen.tetris.TestShape skipNonTests=false filtertrace=true haltOnError=false haltOnFailure=true formatter=org.apache.tools.ant.taskdefs.optional.junit.SummaryJUnitResultFormatter showoutput=false outputtoformatters=true logfailedtests=true threadid=0 logtestlistenerevents=false formatter=org.apache.tools.ant.taskdefs.optional.junit.PlainJUnitResultFormatter,/home/dosi/Downloads/TetrisAnt/TEST-fr.isen.tetris.TestShape.txt formatter=org.apache.tools.ant.taskdefs.optional.junit.XMLJUnitResultFormatter,/home/dosi/Downloads/TetrisAnt/TEST-fr.isen.tetris.TestShape.xml crashfile=/home/dosi/Downloads/TetrisAnt/junitvmwatcher7363445022866977029.properties propsfile=/home/dosi/Downloads/TetrisAnt/junit3460199320120275206.properties" />
    <property name="ivy.retrieve.pattern.ivy.instance" value="/home/dosi/Downloads/TetrisAnt/lib/[artifact]-[revision](-[classifier]).[ext]" />
    <property name="sun.jnu.encoding.ivy.instance" value="UTF-8" />
    <property name="user.dir.ivy.instance" value="/home/dosi/Downloads/TetrisAnt" />
    <property name="jdk.debug" value="release" />
    <property name="ivy.revision" value="working@dosi-Latitude-5520" />
    <property name="java.vendor.version.ivy.instance" value="Temurin-23+37" />
    <property name="java.specification.vendor" value="Oracle Corporation" />
    <property name="file.separator.ivy.instance" value="/" />
    <property name="java.vm.version.ivy.instance" value="23+37" />
    <property name="java.version.date" value="2024-09-17" />
    <property name="version" value="1.0" />
    <property name="java.home" value="/home/dosi/.p2/pool/plugins/org.eclipse.justj.openjdk.hotspot.jre.full.linux.x86_64_23.0.0.v20240919-1706/jre" />
    <property name="basedir" value="/home/dosi/Downloads/TetrisAnt" />
    <property name="java.vm.specification.vendor" value="Oracle Corporation" />
    <property name="java.specification.name" value="Java Platform API Specification" />
    <property name="doc.dir" value="/home/dosi/Downloads/TetrisAnt/javadoc" />
    <property name="user.timezone.ivy.instance" value="Europe/Paris" />
    <property name="ant.file.Compilation de Tetris" value="/home/dosi/Downloads/TetrisAnt/build.xml" />
    <property name="libs.dir" value="/home/dosi/Downloads/TetrisAnt/lib" />
    <property name="ivy.basedir.ivy.instance" value="/home/dosi/Downloads/TetrisAnt" />
    <property name="ivy.resolve.default.type.filter.ivy.instance" value="*" />
    <property name="ivy.default.ivy.user.dir" value="/home/dosi/.ivy2" />
    <property name="ivy.lib.dir.ivy.instance" value="/home/dosi/Downloads/TetrisAnt/lib" />
    <property name="ant.file.type.Compilation de Tetris" value="file" />
    <property name="ivy.cache.dir" value="/home/dosi/.ivy2/cache" />
    <property name="sun.management.compiler" value="HotSpot 64-Bit Tiered Compilers" />
    <property name="java.runtime.version" value="23+37" />
    <property name="java.runtime.name.ivy.instance" value="OpenJDK Runtime Environment" />
    <property name="sun.io.unicode.encoding.ivy.instance" value="UnicodeLittle" />
    <property name="basedir.ivy.instance" value="/home/dosi/Downloads/TetrisAnt" />
    <property name="file.encoding" value="UTF-8" />
    <property name="ivy.dep.file" value="ivy.xml" />
    <property name="os.name.ivy.instance" value="Linux" />
    <property name="user.language.ivy.instance" value="en" />
    <property name="ivy.settings.file" value="ivysettings.xml" />
    <property name="java.vendor.version" value="Temurin-23+37" />
    <property name="java.vm.specification.version.ivy.instance" value="23" />
    <property name="ivy.local.default.ivy.pattern" value="[organisation]/[module]/[revision]/[type]s/[artifact].[ext]" />
    <property name="line.separator.ivy.instance" value="&#xa;" />
    <property name="java.vendor.url.ivy.instance" value="https://adoptium.net/" />
    <property name="java.io.tmpdir" value="/home/dosi/Downloads/TetrisAnt/bin/test-results" />
    <property name="java.version" value="23" />
    <property name="ivy.resolved.file" value="/home/dosi/Downloads/TetrisAnt/ivy.xml" />
    <property name="java.vm.specification.name.ivy.instance" value="Java Virtual Machine Specification" />
    <property name="ivy.settings.dir.ivy.instance" value="jar:file:/home/dosi/Downloads/apache-ivy-2.5.2-bin-with-deps/apache-ivy-2.5.2/ivy-2.5.2.jar!/org/apache/ivy/core/settings" />
    <property name="java.vm.specification.name" value="Java Virtual Machine Specification" />
    <property name="file.encoding.ivy.instance" value="UTF-8" />
    <property name="ivy.deliver.ivy.pattern" value="/home/dosi/Downloads/TetrisAnt/distrib/[type]s/[artifact]-[revision](-[classifier]).[ext]" />
    <property name="native.encoding" value="UTF-8" />
    <property name="ivy.status" value="integration" />
    <property name="java.library.path" value="/usr/java/packages/lib:/usr/lib64:/lib64:/lib:/usr/lib" />
    <property name="stderr.encoding" value="UTF-8" />
    <property name="java.vendor" value="Eclipse Adoptium" />
    <property name="sun.arch.data.model.ivy.instance" value="64" />
    <property name="sun.io.unicode.encoding" value="UnicodeLittle" />
    <property name="ivy.default.ivy.user.dir.ivy.instance" value="/home/dosi/.ivy2" />
    <property name="ivy.parents.count" value="0" />
    <property name="ivy.configurations.ivy.instance" value="*" />
    <property name="java.io.tmpdir.ivy.instance" value="/tmp" />
    <property name="java.version.date.ivy.instance" value="2024-09-17" />
    <property name="ivy.default.settings.dir.ivy.instance" value="jar:file:/home/dosi/Downloads/apache-ivy-2.5.2-bin-with-deps/apache-ivy-2.5.2/ivy-2.5.2.jar!/org/apache/ivy/core/settings" />
    <property name="ivy.shared.default.ivy.pattern" value="[organisation]/[module]/[revision]/[type]s/[artifact].[ext]" />
    <property name="ivy.shared.default.root" value="/home/dosi/.ivy2/shared" />
    <property name="ivy.shared.default.ivy.pattern.ivy.instance" value="[organisation]/[module]/[revision]/[type]s/[artifact].[ext]" />
    <property name="user.timezone" value="Europe/Paris" />
    <property name="java.vm.specification.version" value="23" />
    <property name="os.name" value="Linux" />
    <property name="ivy.deps.changed" value="false" />
    <property name="ivy.lib.dir" value="/home/dosi/Downloads/TetrisAnt/lib" />
    <property name="test.dir" value="/home/dosi/Downloads/TetrisAnt/test" />
    <property name="user.home" value="/home/dosi" />
    <property name="sun.java.command.ivy.instance" value="org.eclipse.ant.internal.launching.remote.InternalAntRunner -Dorg.eclipse.ant.core.ANT_PROCESS_ID=1728836804539 -Declipse.connect.port=45631 -Dant.home=/home/dosi/.p2/pool/plugins/org.apache.ant_1.10.14.v20230922-1200 -Djava.security.manager=allow -logger org.eclipse.ant.internal.launching.remote.logger.RemoteAntBuildLogger -inputhandler org.eclipse.ant.internal.ui.antsupport.inputhandler.ProxyInputHandler -buildfile /home/dosi/Downloads/TetrisAnt/build.xml all" />
    <property name="java.class.path.ivy.instance" value="/home/dosi/.p2/pool/plugins/org.apache.ant_1.10.14.v20230922-1200/lib/ant-antlr.jar:/home/dosi/.p2/pool/plugins/org.apache.ant_1.10.14.v20230922-1200/lib/ant-apache-bcel.jar:/home/dosi/.p2/pool/plugins/org.apache.ant_1.10.14.v20230922-1200/lib/ant-apache-bsf.jar:/home/dosi/.p2/pool/plugins/org.apache.ant_1.10.14.v20230922-1200/lib/ant-apache-log4j.jar:/home/dosi/.p2/pool/plugins/org.apache.ant_1.10.14.v20230922-1200/lib/ant-apache-oro.jar:/home/dosi/.p2/pool/plugins/org.apache.ant_1.10.14.v20230922-1200/lib/ant-apache-regexp.jar:/home/dosi/.p2/pool/plugins/org.apache.ant_1.10.14.v20230922-1200/lib/ant-apache-resolver.jar:/home/dosi/.p2/pool/plugins/org.apache.ant_1.10.14.v20230922-1200/lib/ant-apache-xalan2.jar:/home/dosi/.p2/pool/plugins/org.apache.ant_1.10.14.v20230922-1200/lib/ant-commons-logging.jar:/home/dosi/.p2/pool/plugins/org.apache.ant_1.10.14.v20230922-1200/lib/ant-commons-net.jar:/home/dosi/.p2/pool/plugins/org.apache.ant_1.10.14.v20230922-1200/lib/ant-imageio.jar:/home/dosi/.p2/pool/plugins/org.apache.ant_1.10.14.v20230922-1200/lib/ant-jakartamail.jar:/home/dosi/.p2/pool/plugins/org.apache.ant_1.10.14.v20230922-1200/lib/ant-javamail.jar:/home/dosi/.p2/pool/plugins/org.apache.ant_1.10.14.v20230922-1200/lib/ant-jdepend.jar:/home/dosi/.p2/pool/plugins/org.apache.ant_1.10.14.v20230922-1200/lib/ant-jmf.jar:/home/dosi/.p2/pool/plugins/org.apache.ant_1.10.14.v20230922-1200/lib/ant-jsch.jar:/home/dosi/.p2/pool/plugins/org.apache.ant_1.10.14.v20230922-1200/lib/ant-junit.jar:/home/dosi/.p2/pool/plugins/org.apache.ant_1.10.14.v20230922-1200/lib/ant-junit4.jar:/home/dosi/.p2/pool/plugins/org.apache.ant_1.10.14.v20230922-1200/lib/ant-junitlauncher.jar:/home/dosi/.p2/pool/plugins/org.apache.ant_1.10.14.v20230922-1200/lib/ant-launcher.jar:/home/dosi/.p2/pool/plugins/org.apache.ant_1.10.14.v20230922-1200/lib/ant-netrexx.jar:/home/dosi/.p2/pool/plugins/org.apache.ant_1.10.14.v20230922-1200/lib/ant-swing.jar:/home/dosi/.p2/pool/plugins/org.apache.ant_1.10.14.v20230922-1200/lib/ant-testutil.jar:/home/dosi/.p2/pool/plugins/org.apache.ant_1.10.14.v20230922-1200/lib/ant-xz.jar:/home/dosi/.p2/pool/plugins/org.apache.ant_1.10.14.v20230922-1200/lib/ant.jar:/home/dosi/eclipse/java-2024-09/eclipse/configuration/org.eclipse.osgi/85/0/.cp/lib/antdebug.jar:/home/dosi/eclipse/java-2024-09/eclipse/configuration/org.eclipse.osgi/85/0/.cp/lib/remote.jar:/home/dosi/eclipse/java-2024-09/eclipse/configuration/org.eclipse.osgi/86/0/.cp/lib/remoteAnt.jar:/home/dosi/.p2/pool/plugins/org.eclipse.swt.gtk.linux.x86_64_3.127.0.v20240903-0618.jar" />
    <property name="ivy.publish.src.artifacts.pattern.ivy.instance" value="/home/dosi/Downloads/TetrisAnt/distrib/[type]s/[artifact]-[revision](-[classifier]).[ext]" />
    <property name="ivy.checksums" value="sha1,md5" />
    <property name="ivy.default.settings.dir" value="jar:file:/home/dosi/Downloads/apache-ivy-2.5.2-bin-with-deps/apache-ivy-2.5.2/ivy-2.5.2.jar!/org/apache/ivy/core/settings" />
    <property name="ivy.version" value="2.5.2" />
    <property name="java.vm.info.ivy.instance" value="mixed mode, sharing" />
    <property name="ivy.distrib.dir" value="/home/dosi/Downloads/TetrisAnt/distrib" />
    <property name="ant.library.dir.ivy.instance" value="/home/dosi/.p2/pool/plugins/org.apache.ant_1.10.14.v20230922-1200/lib" />
    <property name="ivy.settings.url.ivy.instance" value="jar:file:/home/dosi/Downloads/apache-ivy-2.5.2-bin-with-deps/apache-ivy-2.5.2/ivy-2.5.2.jar!/org/apache/ivy/core/settings/ivysettings.xml" />
    <property name="java.security.manager" value="allow" />
    <property name="ant.file" value="/home/dosi/Downloads/TetrisAnt/build.xml" />
    <property name="ivy.project.dir" value="/home/dosi/Downloads/TetrisAnt" />
    <property name="stdout.encoding" value="UTF-8" />
    <property name="path.separator" value=":" />
    <property name="os.version" value="6.8.0-45-generic" />
    <property name="ivy.default.always.check.exact.revision.ivy.instance" value="false" />
    <property name="java.vm.name" value="OpenJDK 64-Bit Server VM" />
    <property name="ivy.buildlist.ivyfilepath" value="ivy.xml" />
    <property name="os.arch" value="amd64" />
    <property name="ivy.settings.dir.url.ivy.instance" value="jar:file:/home/dosi/Downloads/apache-ivy-2.5.2-bin-with-deps/apache-ivy-2.5.2/ivy-2.5.2.jar!/org/apache/ivy/core/settings" />
    <property name="ivy.shared.default.root.ivy.instance" value="/home/dosi/.ivy2/shared" />
    <property name="ivy.deliver.ivy.pattern.ivy.instance" value="/home/dosi/Downloads/TetrisAnt/distrib/[type]s/[artifact]-[revision](-[classifier]).[ext]" />
    <property name="java.vm.info" value="mixed mode, sharing" />
    <property name="ivy.conf.dir.ivy.instance" value="jar:file:/home/dosi/Downloads/apache-ivy-2.5.2-bin-with-deps/apache-ivy-2.5.2/ivy-2.5.2.jar!/org/apache/ivy/core/settings" />
    <property name="stdout.encoding.ivy.instance" value="UTF-8" />
    <property name="user.country.ivy.instance" value="US" />
    <property name="java.class.version" value="67.0" />
    <property name="src.dir" value="/home/dosi/Downloads/TetrisAnt/src" />
    <property name="ant.project.default-target" value="compile" />
    <property name="ant.library.dir" value="/home/dosi/.p2/pool/plugins/org.apache.ant_1.10.14.v20230922-1200/lib" />
    <property name="ivy.cache.dir.ivy.instance" value="/home/dosi/.ivy2/cache" />
    <property name="ant.project.name" value="Compilation de Tetris" />
    <property name="jdk.debug.ivy.instance" value="release" />
    <property name="sun.jnu.encoding" value="UTF-8" />
    <property name="java.specification.name.ivy.instance" value="Java Platform API Specification" />
    <property name="ivy.settings.file.ivy.instance" value="ivysettings.xml" />
    <property name="ivy.default.conf.dir" value="jar:file:/home/dosi/Downloads/apache-ivy-2.5.2-bin-with-deps/apache-ivy-2.5.2/ivy-2.5.2.jar!/org/apache/ivy/core/settings" />
    <property name="java.runtime.version.ivy.instance" value="23+37" />
    <property name="java.vm.specification.vendor.ivy.instance" value="Oracle Corporation" />
    <property name="ivy.local.default.artifact.pattern.ivy.instance" value="[organisation]/[module]/[revision]/[type]s/[artifact].[ext]" />
    <property name="ivy.build.artifacts.dir.ivy.instance" value="/home/dosi/Downloads/TetrisAnt/build/artifacts" />
    <property name="ivy.settings.dir" value="jar:file:/home/dosi/Downloads/apache-ivy-2.5.2-bin-with-deps/apache-ivy-2.5.2/ivy-2.5.2.jar!/org/apache/ivy/core/settings" />
    <property name="sun.java.launcher.ivy.instance" value="SUN_STANDARD" />
    <property name="ivy.local.default.root.ivy.instance" value="/home/dosi/.ivy2/local" />
    <property name="ivy.local.default.artifact.pattern" value="[organisation]/[module]/[revision]/[type]s/[artifact].[ext]" />
    <property name="java.class.version.ivy.instance" value="67.0" />
    <property name="ivy.resolve.default.type.filter" value="*" />
    <property name="sun.management.compiler.ivy.instance" value="HotSpot 64-Bit Tiered Compilers" />
    <property name="ivy.cache.ttl.default.ivy.instance" value="10s" />
    <property name="file.separator" value="/" />
    <property name="java.vm.compressedOopsMode" value="Zero based" />
    <property name="ivy.settings.dir.url" value="jar:file:/home/dosi/Downloads/apache-ivy-2.5.2-bin-with-deps/apache-ivy-2.5.2/ivy-2.5.2.jar!/org/apache/ivy/core/settings" />
    <property name="ivy.dep.file.ivy.instance" value="ivy.xml" />
    <property name="line.separator" value="&#xa;" />
    <property name="ivy.organisation" value="fr.ubo" />
    <property name="ivy.buildlist.ivyfilepath.ivy.instance" value="ivy.xml" />
    <property name="java.vm.compressedOopsMode.ivy.instance" value="Zero based" />
    <property name="user.name" value="dosi" />
    <property name="ivy.publish.src.artifacts.pattern" value="/home/dosi/Downloads/TetrisAnt/distrib/[type]s/[artifact]-[revision](-[classifier]).[ext]" />
    <property name="compile.classpath" value="/home/dosi/Downloads/TetrisAnt/lib/commons-lang3-3.5.jar" />
    <property name="test.reports.dir" value="/home/dosi/Downloads/TetrisAnt/test-reports" />
    <property name="test.bin.dir" value="/home/dosi/Downloads/TetrisAnt/bin/test" />
    <property name="ant.home" value="/home/dosi/.p2/pool/plugins/org.apache.ant_1.10.14.v20230922-1200" />
    <property name="ivy.module" value="ivy-exemple" />
    <property name="ant.version" value="Apache Ant(TM) version 1.10.14 compiled on August 16 2023" />
    <property name="ivy.report.output.pattern" value="[organisation]-[module]-[conf].[ext]" />
    <property name="ivy.log.modules.in.use" value="false" />
    <property name="ivy.nb.targets.copied" value="8" />
    <property name="ivy.conf.url.ivy.instance" value="jar:file:/home/dosi/Downloads/apache-ivy-2.5.2-bin-with-deps/apache-ivy-2.5.2/ivy-2.5.2.jar!/org/apache/ivy/core/settings/ivysettings.xml" />
    <property name="os.arch.ivy.instance" value="amd64" />
    <property name="java.library.path.ivy.instance" value="/usr/java/packages/lib:/usr/lib64:/lib64:/lib:/usr/lib:/home/dosi/eclipse/java-2024-09/eclipse/configuration/org.eclipse.osgi/418/0/.cp" />
    <property name="ivy.shared.default.artifact.pattern.ivy.instance" value="[organisation]/[module]/[revision]/[type]s/[artifact].[ext]" />
    <property name="user.home.ivy.instance" value="/home/dosi" />
    <property name="java.vendor.url.bug.ivy.instance" value="https://github.com/adoptium/adoptium-support/issues" />
    <property name="ivy.local.default.root" value="/home/dosi/.ivy2/local" />
    <property name="java.class.path" value="/home/dosi/Downloads/TetrisAnt/bin:/home/dosi/Downloads/TetrisAnt/bin/test:/home/dosi/Downloads/TetrisAnt/lib/commons-lang3-3.5.jar:/home/dosi/Downloads/TetrisAnt/lib/hamcrest-core-1.3.jar:/home/dosi/Downloads/TetrisAnt/lib/junit-4.13.2.jar:/home/dosi/.p2/pool/plugins/org.apache.ant_1.10.14.v20230922-1200/lib/ant-launcher.jar:/home/dosi/.p2/pool/plugins/org.apache.ant_1.10.14.v20230922-1200/lib/ant.jar:/home/dosi/.p2/pool/plugins/org.apache.ant_1.10.14.v20230922-1200/lib/ant-junit.jar:/home/dosi/.p2/pool/plugins/org.apache.ant_1.10.14.v20230922-1200/lib/ant-junit4.jar" />
    <property name="java.vm.vendor" value="Eclipse Adoptium" />
    <property name="java.vendor.ivy.instance" value="Eclipse Adoptium" />
    <property name="stderr.encoding.ivy.instance" value="UTF-8" />
    <property name="main-class" value="fr.ubo.tetris.Tetris" />
    <property name="ivy.project.dir.ivy.instance" value="/home/dosi/Downloads/TetrisAnt" />
    <property name="ivy.status.ivy.instance" value="integration" />
    <property name="user.country" value="US" />
    <property name="sun.java.launcher" value="SUN_STANDARD" />
    <property name="ivy.retrieve.pattern" value="/home/dosi/Downloads/TetrisAnt/lib/[artifact]-[revision](-[classifier]).[ext]" />
    <property name="sun.cpu.endian" value="little" />
    <property name="ivy.checksums.ivy.instance" value="sha1,md5" />
    <property name="user.language" value="en" />
    <property name="ivy.home.ivy.instance" value="/home/dosi/.ivy2" />
    <property name="user.name.ivy.instance" value="dosi" />
    <property name="ant.java.version" value="23" />
    <property name="native.encoding.ivy.instance" value="UTF-8" />
    <property name="test.results.dir" value="/home/dosi/Downloads/TetrisAnt/bin/test-results" />
    <property name="ivy.basedir" value="/home/dosi/Downloads/TetrisAnt" />
    <property name="java.vm.vendor.ivy.instance" value="Eclipse Adoptium" />
    <property name="ant.home.ivy.instance" value="/home/dosi/.p2/pool/plugins/org.apache.ant_1.10.14.v20230922-1200" />
    <property name="ivy.cache.ttl.default" value="10s" />
    <property name="java.vm.name.ivy.instance" value="OpenJDK 64-Bit Server VM" />
    <property name="ivy.resolver.default.check.modified.ivy.instance" value="false" />
    <property name="java.specification.vendor.ivy.instance" value="Oracle Corporation" />
    <property name="ivy.configurations" value="*" />
    <property name="ivy.default.always.check.exact.revision" value="false" />
    <property name="java.runtime.name" value="OpenJDK Runtime Environment" />
    <property name="ivy.distrib.dir.ivy.instance" value="/home/dosi/Downloads/TetrisAnt/distrib" />
    <property name="ant.project.invoked-targets" value="all" />
    <property name="ant.core.lib" value="/home/dosi/.p2/pool/plugins/org.apache.ant_1.10.14.v20230922-1200/lib/ant.jar" />
    <property name="java.vendor.url.bug" value="https://github.com/adoptium/adoptium-support/issues" />
    <property name="user.dir" value="/home/dosi/Downloads/TetrisAnt" />
    <property name="obj.dir" value="/home/dosi/Downloads/TetrisAnt/bin" />
    <property name="path.separator.ivy.instance" value=":" />
    <property name="ivy.local.default.ivy.pattern.ivy.instance" value="[organisation]/[module]/[revision]/[type]s/[artifact].[ext]" />
    <property name="ivy.report.output.pattern.ivy.instance" value="[organisation]-[module]-[conf].[ext]" />
    <property name="ivy.log.modules.in.use.ivy.instance" value="false" />
    <property name="ivy.resolver.default.check.modified" value="false" />
    <property name="ivy.targets.copied" value="true" />
    <property name="java.vm.version" value="23+37" />
    <property name="java.home.ivy.instance" value="/home/dosi/.p2/pool/plugins/org.eclipse.justj.openjdk.hotspot.jre.full.linux.x86_64_23.0.0.v20240919-1706/jre" />
    <property name="ivy.shared.default.artifact.pattern" value="[organisation]/[module]/[revision]/[type]s/[artifact].[ext]" />
    <property name="ivy.settings.url" value="jar:file:/home/dosi/Downloads/apache-ivy-2.5.2-bin-with-deps/apache-ivy-2.5.2/ivy-2.5.2.jar!/org/apache/ivy/core/settings/ivysettings.xml" />
    <property name="ivy.build.artifacts.dir" value="/home/dosi/Downloads/TetrisAnt/build/artifacts" />
    <property name="ivy.resolved.configurations" value="default" />
    <property name="ivy.conf.url" value="jar:file:/home/dosi/Downloads/apache-ivy-2.5.2-bin-with-deps/apache-ivy-2.5.2/ivy-2.5.2.jar!/org/apache/ivy/core/settings/ivysettings.xml" />
  </properties>
  <testcase classname="fr.isen.tetris.TestShape" name="setRandomShape" time="0.002" />
  <system-out><![CDATA[]]></system-out>
  <system-err><![CDATA[]]></system-err>
</testsuite>
